---- light / ericw-tools v0.18.1 ----
extra 4x4 sampling enabled
Raytracing backend: Embree
running with 6 threads
LoadBSPFile: 'sp.bsp'
BSP is version 29
--- LoadEntities ---
19 entities read, 1 are lights.
--- OptionsSummary ---
    "bounce" was set to "1" from commandline
Embree_TraceInit: Embree version: 2.15.0
Embree_TraceInit:
	0 sky faces
	54 solid faces
	0 filtered faces
	0 shadow-casting skip faces
SetupLights: 1 initial lights
SetupLights: 1 after surface lights
SetupLights: 1 after jittering
--- EstimateLightVisibility ---
0
Final count: 1 lights 0 suns in use.
--- LightWorld ---
--- MakeTextureColors ---
--- MakeBounceLights ---
0....1....2....3....4....5....6....7....8....9....
0....1....2....3....4....5....6....7....8....9....
Lighting Completed.

lightdatasize: 2184
0 switchable light styles (32 max)
Writing sp.bsp as BSP version 29
0.117 seconds elapsed

stats:
0.254730 lights tested, 0.246991 hits per sample point
0.000000 bounce lights tested, 0.000000 hits per sample point
0 empty lightmaps
